<?xml version="1.0" encoding="UTF-8"?>
<testsuite xmlns:xsi="http://www.w3.org/2001/XMLSchema-instance" xsi:noNamespaceSchemaLocation="https://maven.apache.org/surefire/maven-surefire-plugin/xsd/surefire-test-report.xsd" name="com.llp.SpringbootApplicationTests" time="3.785" tests="1" errors="0" skipped="0" failures="0">
  <properties>
    <property name="sun.desktop" value="windows"/>
    <property name="awt.toolkit" value="sun.awt.windows.WToolkit"/>
    <property name="file.encoding.pkg" value="sun.io"/>
    <property name="java.specification.version" value="1.8"/>
    <property name="sun.cpu.isalist" value="amd64"/>
    <property name="sun.jnu.encoding" value="GBK"/>
    <property name="java.class.path" value="F:\QQ\springboot\target\test-classes;F:\QQ\springboot\target\classes;F:\Java\MavenRepository\org\springframework\boot\spring-boot-starter-web\2.5.0\spring-boot-starter-web-2.5.0.jar;F:\Java\MavenRepository\org\springframework\boot\spring-boot-starter\2.5.0\spring-boot-starter-2.5.0.jar;F:\Java\MavenRepository\org\springframework\boot\spring-boot\2.5.0\spring-boot-2.5.0.jar;F:\Java\MavenRepository\org\springframework\boot\spring-boot-autoconfigure\2.5.0\spring-boot-autoconfigure-2.5.0.jar;F:\Java\MavenRepository\org\springframework\boot\spring-boot-starter-logging\2.5.0\spring-boot-starter-logging-2.5.0.jar;F:\Java\MavenRepository\org\apache\logging\log4j\log4j-to-slf4j\2.14.1\log4j-to-slf4j-2.14.1.jar;F:\Java\MavenRepository\org\apache\logging\log4j\log4j-api\2.14.1\log4j-api-2.14.1.jar;F:\Java\MavenRepository\org\slf4j\jul-to-slf4j\1.7.30\jul-to-slf4j-1.7.30.jar;F:\Java\MavenRepository\jakarta\annotation\jakarta.annotation-api\1.3.5\jakarta.annotation-api-1.3.5.jar;F:\Java\MavenRepository\org\yaml\snakeyaml\1.28\snakeyaml-1.28.jar;F:\Java\MavenRepository\org\springframework\boot\spring-boot-starter-json\2.5.0\spring-boot-starter-json-2.5.0.jar;F:\Java\MavenRepository\com\fasterxml\jackson\core\jackson-databind\2.12.3\jackson-databind-2.12.3.jar;F:\Java\MavenRepository\com\fasterxml\jackson\core\jackson-annotations\2.12.3\jackson-annotations-2.12.3.jar;F:\Java\MavenRepository\com\fasterxml\jackson\core\jackson-core\2.12.3\jackson-core-2.12.3.jar;F:\Java\MavenRepository\com\fasterxml\jackson\datatype\jackson-datatype-jdk8\2.12.3\jackson-datatype-jdk8-2.12.3.jar;F:\Java\MavenRepository\com\fasterxml\jackson\datatype\jackson-datatype-jsr310\2.12.3\jackson-datatype-jsr310-2.12.3.jar;F:\Java\MavenRepository\com\fasterxml\jackson\module\jackson-module-parameter-names\2.12.3\jackson-module-parameter-names-2.12.3.jar;F:\Java\MavenRepository\org\springframework\boot\spring-boot-starter-tomcat\2.5.0\spring-boot-starter-tomcat-2.5.0.jar;F:\Java\MavenRepository\org\apache\tomcat\embed\tomcat-embed-core\9.0.46\tomcat-embed-core-9.0.46.jar;F:\Java\MavenRepository\org\apache\tomcat\embed\tomcat-embed-el\9.0.46\tomcat-embed-el-9.0.46.jar;F:\Java\MavenRepository\org\apache\tomcat\embed\tomcat-embed-websocket\9.0.46\tomcat-embed-websocket-9.0.46.jar;F:\Java\MavenRepository\org\springframework\spring-web\5.3.7\spring-web-5.3.7.jar;F:\Java\MavenRepository\org\springframework\spring-beans\5.3.7\spring-beans-5.3.7.jar;F:\Java\MavenRepository\org\springframework\spring-webmvc\5.3.7\spring-webmvc-5.3.7.jar;F:\Java\MavenRepository\org\springframework\spring-aop\5.3.7\spring-aop-5.3.7.jar;F:\Java\MavenRepository\org\springframework\spring-context\5.3.7\spring-context-5.3.7.jar;F:\Java\MavenRepository\org\springframework\spring-expression\5.3.7\spring-expression-5.3.7.jar;F:\Java\MavenRepository\org\springframework\boot\spring-boot-starter-test\2.5.0\spring-boot-starter-test-2.5.0.jar;F:\Java\MavenRepository\org\springframework\boot\spring-boot-test\2.5.0\spring-boot-test-2.5.0.jar;F:\Java\MavenRepository\org\springframework\boot\spring-boot-test-autoconfigure\2.5.0\spring-boot-test-autoconfigure-2.5.0.jar;F:\Java\MavenRepository\com\jayway\jsonpath\json-path\2.5.0\json-path-2.5.0.jar;F:\Java\MavenRepository\net\minidev\json-smart\2.4.7\json-smart-2.4.7.jar;F:\Java\MavenRepository\net\minidev\accessors-smart\2.4.7\accessors-smart-2.4.7.jar;F:\Java\MavenRepository\org\ow2\asm\asm\9.1\asm-9.1.jar;F:\Java\MavenRepository\jakarta\xml\bind\jakarta.xml.bind-api\2.3.3\jakarta.xml.bind-api-2.3.3.jar;F:\Java\MavenRepository\jakarta\activation\jakarta.activation-api\1.2.2\jakarta.activation-api-1.2.2.jar;F:\Java\MavenRepository\org\assertj\assertj-core\3.19.0\assertj-core-3.19.0.jar;F:\Java\MavenRepository\org\hamcrest\hamcrest\2.2\hamcrest-2.2.jar;F:\Java\MavenRepository\org\junit\jupiter\junit-jupiter\5.7.2\junit-jupiter-5.7.2.jar;F:\Java\MavenRepository\org\junit\jupiter\junit-jupiter-api\5.7.2\junit-jupiter-api-5.7.2.jar;F:\Java\MavenRepository\org\apiguardian\apiguardian-api\1.1.0\apiguardian-api-1.1.0.jar;F:\Java\MavenRepository\org\opentest4j\opentest4j\1.2.0\opentest4j-1.2.0.jar;F:\Java\MavenRepository\org\junit\platform\junit-platform-commons\1.7.2\junit-platform-commons-1.7.2.jar;F:\Java\MavenRepository\org\junit\jupiter\junit-jupiter-params\5.7.2\junit-jupiter-params-5.7.2.jar;F:\Java\MavenRepository\org\junit\jupiter\junit-jupiter-engine\5.7.2\junit-jupiter-engine-5.7.2.jar;F:\Java\MavenRepository\org\junit\platform\junit-platform-engine\1.7.2\junit-platform-engine-1.7.2.jar;F:\Java\MavenRepository\org\mockito\mockito-core\3.9.0\mockito-core-3.9.0.jar;F:\Java\MavenRepository\net\bytebuddy\byte-buddy\1.10.22\byte-buddy-1.10.22.jar;F:\Java\MavenRepository\net\bytebuddy\byte-buddy-agent\1.10.22\byte-buddy-agent-1.10.22.jar;F:\Java\MavenRepository\org\objenesis\objenesis\3.2\objenesis-3.2.jar;F:\Java\MavenRepository\org\mockito\mockito-junit-jupiter\3.9.0\mockito-junit-jupiter-3.9.0.jar;F:\Java\MavenRepository\org\skyscreamer\jsonassert\1.5.0\jsonassert-1.5.0.jar;F:\Java\MavenRepository\com\vaadin\external\google\android-json\0.0.20131108.vaadin1\android-json-0.0.20131108.vaadin1.jar;F:\Java\MavenRepository\org\springframework\spring-core\5.3.7\spring-core-5.3.7.jar;F:\Java\MavenRepository\org\springframework\spring-jcl\5.3.7\spring-jcl-5.3.7.jar;F:\Java\MavenRepository\org\springframework\spring-test\5.3.7\spring-test-5.3.7.jar;F:\Java\MavenRepository\org\xmlunit\xmlunit-core\2.8.2\xmlunit-core-2.8.2.jar;F:\Java\MavenRepository\org\projectlombok\lombok\1.18.20\lombok-1.18.20.jar;F:\Java\MavenRepository\org\mybatis\mybatis\3.5.6\mybatis-3.5.6.jar;F:\Java\MavenRepository\org\mybatis\spring\boot\mybatis-spring-boot-starter\1.1.1\mybatis-spring-boot-starter-1.1.1.jar;F:\Java\MavenRepository\org\mybatis\spring\boot\mybatis-spring-boot-autoconfigure\1.1.1\mybatis-spring-boot-autoconfigure-1.1.1.jar;F:\Java\MavenRepository\org\mybatis\mybatis-spring\1.3.0\mybatis-spring-1.3.0.jar;F:\Java\MavenRepository\org\springframework\boot\spring-boot-starter-jdbc\2.5.0\spring-boot-starter-jdbc-2.5.0.jar;F:\Java\MavenRepository\com\zaxxer\HikariCP\4.0.3\HikariCP-4.0.3.jar;F:\Java\MavenRepository\org\springframework\spring-jdbc\5.3.7\spring-jdbc-5.3.7.jar;F:\Java\MavenRepository\org\springframework\spring-tx\5.3.7\spring-tx-5.3.7.jar;F:\Java\MavenRepository\mysql\mysql-connector-java\5.1.8\mysql-connector-java-5.1.8.jar;F:\Java\MavenRepository\org\springframework\boot\spring-boot-starter-thymeleaf\2.5.0\spring-boot-starter-thymeleaf-2.5.0.jar;F:\Java\MavenRepository\org\thymeleaf\thymeleaf-spring5\3.0.12.RELEASE\thymeleaf-spring5-3.0.12.RELEASE.jar;F:\Java\MavenRepository\org\thymeleaf\thymeleaf\3.0.12.RELEASE\thymeleaf-3.0.12.RELEASE.jar;F:\Java\MavenRepository\org\attoparser\attoparser\2.0.5.RELEASE\attoparser-2.0.5.RELEASE.jar;F:\Java\MavenRepository\org\unbescape\unbescape\1.1.6.RELEASE\unbescape-1.1.6.RELEASE.jar;F:\Java\MavenRepository\org\thymeleaf\extras\thymeleaf-extras-java8time\3.0.4.RELEASE\thymeleaf-extras-java8time-3.0.4.RELEASE.jar;F:\Java\MavenRepository\org\apache\httpcomponents\httpmime\4.3.6\httpmime-4.3.6.jar;F:\Java\MavenRepository\org\apache\httpcomponents\httpclient\4.5.13\httpclient-4.5.13.jar;F:\Java\MavenRepository\org\apache\httpcomponents\httpcore\4.4.14\httpcore-4.4.14.jar;F:\Java\MavenRepository\commons-codec\commons-codec\1.15\commons-codec-1.15.jar;F:\Java\MavenRepository\org\apache\commons\commons-lang3\3.1\commons-lang3-3.1.jar;F:\Java\MavenRepository\commons-io\commons-io\1.3.2\commons-io-1.3.2.jar;F:\Java\MavenRepository\org\slf4j\slf4j-api\1.7.20\slf4j-api-1.7.20.jar;F:\Java\MavenRepository\ch\qos\logback\logback-classic\1.2.3\logback-classic-1.2.3.jar;F:\Java\MavenRepository\ch\qos\logback\logback-core\1.2.3\logback-core-1.2.3.jar;F:\Java\MavenRepository\com\google\code\gson\gson\2.8.1\gson-2.8.1.jar;F:\Java\MavenRepository\com\squareup\retrofit2\retrofit\2.3.0\retrofit-2.3.0.jar;F:\Java\MavenRepository\com\squareup\okhttp3\okhttp\3.14.9\okhttp-3.14.9.jar;F:\Java\MavenRepository\com\squareup\okio\okio\1.17.2\okio-1.17.2.jar;F:\Java\MavenRepository\com\squareup\retrofit2\converter-gson\2.2.0\converter-gson-2.2.0.jar;F:\Java\MavenRepository\com\squareup\retrofit2\converter-scalars\2.2.0\converter-scalars-2.2.0.jar;F:\Java\MavenRepository\com\squareup\retrofit2\adapter-rxjava\2.3.0\adapter-rxjava-2.3.0.jar;F:\Java\MavenRepository\io\reactivex\rxjava\1.3.8\rxjava-1.3.8.jar;"/>
    <property name="java.vm.vendor" value="Oracle Corporation"/>
    <property name="sun.arch.data.model" value="64"/>
    <property name="user.variant" value=""/>
    <property name="java.vendor.url" value="http://java.oracle.com/"/>
    <property name="user.timezone" value="GMT+08:00"/>
    <property name="java.vm.specification.version" value="1.8"/>
    <property name="os.name" value="Windows 10"/>
    <property name="user.country" value="CN"/>
    <property name="sun.java.launcher" value="SUN_STANDARD"/>
    <property name="sun.boot.library.path" value="C:\Program Files\Java\jdk1.8.0_65\jre\bin"/>
    <property name="sun.java.command" value="C:\Users\右眼双瞳\AppData\Local\Temp\surefire229828212608299439\surefirebooter1062485004882588851.jar C:\Users\右眼双瞳\AppData\Local\Temp\surefire229828212608299439 2021-08-17T13-30-00_056-jvmRun1 surefire4471451953969822500tmp surefire_06759280550519201740tmp"/>
    <property name="surefire.test.class.path" value="F:\QQ\springboot\target\test-classes;F:\QQ\springboot\target\classes;F:\Java\MavenRepository\org\springframework\boot\spring-boot-starter-web\2.5.0\spring-boot-starter-web-2.5.0.jar;F:\Java\MavenRepository\org\springframework\boot\spring-boot-starter\2.5.0\spring-boot-starter-2.5.0.jar;F:\Java\MavenRepository\org\springframework\boot\spring-boot\2.5.0\spring-boot-2.5.0.jar;F:\Java\MavenRepository\org\springframework\boot\spring-boot-autoconfigure\2.5.0\spring-boot-autoconfigure-2.5.0.jar;F:\Java\MavenRepository\org\springframework\boot\spring-boot-starter-logging\2.5.0\spring-boot-starter-logging-2.5.0.jar;F:\Java\MavenRepository\org\apache\logging\log4j\log4j-to-slf4j\2.14.1\log4j-to-slf4j-2.14.1.jar;F:\Java\MavenRepository\org\apache\logging\log4j\log4j-api\2.14.1\log4j-api-2.14.1.jar;F:\Java\MavenRepository\org\slf4j\jul-to-slf4j\1.7.30\jul-to-slf4j-1.7.30.jar;F:\Java\MavenRepository\jakarta\annotation\jakarta.annotation-api\1.3.5\jakarta.annotation-api-1.3.5.jar;F:\Java\MavenRepository\org\yaml\snakeyaml\1.28\snakeyaml-1.28.jar;F:\Java\MavenRepository\org\springframework\boot\spring-boot-starter-json\2.5.0\spring-boot-starter-json-2.5.0.jar;F:\Java\MavenRepository\com\fasterxml\jackson\core\jackson-databind\2.12.3\jackson-databind-2.12.3.jar;F:\Java\MavenRepository\com\fasterxml\jackson\core\jackson-annotations\2.12.3\jackson-annotations-2.12.3.jar;F:\Java\MavenRepository\com\fasterxml\jackson\core\jackson-core\2.12.3\jackson-core-2.12.3.jar;F:\Java\MavenRepository\com\fasterxml\jackson\datatype\jackson-datatype-jdk8\2.12.3\jackson-datatype-jdk8-2.12.3.jar;F:\Java\MavenRepository\com\fasterxml\jackson\datatype\jackson-datatype-jsr310\2.12.3\jackson-datatype-jsr310-2.12.3.jar;F:\Java\MavenRepository\com\fasterxml\jackson\module\jackson-module-parameter-names\2.12.3\jackson-module-parameter-names-2.12.3.jar;F:\Java\MavenRepository\org\springframework\boot\spring-boot-starter-tomcat\2.5.0\spring-boot-starter-tomcat-2.5.0.jar;F:\Java\MavenRepository\org\apache\tomcat\embed\tomcat-embed-core\9.0.46\tomcat-embed-core-9.0.46.jar;F:\Java\MavenRepository\org\apache\tomcat\embed\tomcat-embed-el\9.0.46\tomcat-embed-el-9.0.46.jar;F:\Java\MavenRepository\org\apache\tomcat\embed\tomcat-embed-websocket\9.0.46\tomcat-embed-websocket-9.0.46.jar;F:\Java\MavenRepository\org\springframework\spring-web\5.3.7\spring-web-5.3.7.jar;F:\Java\MavenRepository\org\springframework\spring-beans\5.3.7\spring-beans-5.3.7.jar;F:\Java\MavenRepository\org\springframework\spring-webmvc\5.3.7\spring-webmvc-5.3.7.jar;F:\Java\MavenRepository\org\springframework\spring-aop\5.3.7\spring-aop-5.3.7.jar;F:\Java\MavenRepository\org\springframework\spring-context\5.3.7\spring-context-5.3.7.jar;F:\Java\MavenRepository\org\springframework\spring-expression\5.3.7\spring-expression-5.3.7.jar;F:\Java\MavenRepository\org\springframework\boot\spring-boot-starter-test\2.5.0\spring-boot-starter-test-2.5.0.jar;F:\Java\MavenRepository\org\springframework\boot\spring-boot-test\2.5.0\spring-boot-test-2.5.0.jar;F:\Java\MavenRepository\org\springframework\boot\spring-boot-test-autoconfigure\2.5.0\spring-boot-test-autoconfigure-2.5.0.jar;F:\Java\MavenRepository\com\jayway\jsonpath\json-path\2.5.0\json-path-2.5.0.jar;F:\Java\MavenRepository\net\minidev\json-smart\2.4.7\json-smart-2.4.7.jar;F:\Java\MavenRepository\net\minidev\accessors-smart\2.4.7\accessors-smart-2.4.7.jar;F:\Java\MavenRepository\org\ow2\asm\asm\9.1\asm-9.1.jar;F:\Java\MavenRepository\jakarta\xml\bind\jakarta.xml.bind-api\2.3.3\jakarta.xml.bind-api-2.3.3.jar;F:\Java\MavenRepository\jakarta\activation\jakarta.activation-api\1.2.2\jakarta.activation-api-1.2.2.jar;F:\Java\MavenRepository\org\assertj\assertj-core\3.19.0\assertj-core-3.19.0.jar;F:\Java\MavenRepository\org\hamcrest\hamcrest\2.2\hamcrest-2.2.jar;F:\Java\MavenRepository\org\junit\jupiter\junit-jupiter\5.7.2\junit-jupiter-5.7.2.jar;F:\Java\MavenRepository\org\junit\jupiter\junit-jupiter-api\5.7.2\junit-jupiter-api-5.7.2.jar;F:\Java\MavenRepository\org\apiguardian\apiguardian-api\1.1.0\apiguardian-api-1.1.0.jar;F:\Java\MavenRepository\org\opentest4j\opentest4j\1.2.0\opentest4j-1.2.0.jar;F:\Java\MavenRepository\org\junit\platform\junit-platform-commons\1.7.2\junit-platform-commons-1.7.2.jar;F:\Java\MavenRepository\org\junit\jupiter\junit-jupiter-params\5.7.2\junit-jupiter-params-5.7.2.jar;F:\Java\MavenRepository\org\junit\jupiter\junit-jupiter-engine\5.7.2\junit-jupiter-engine-5.7.2.jar;F:\Java\MavenRepository\org\junit\platform\junit-platform-engine\1.7.2\junit-platform-engine-1.7.2.jar;F:\Java\MavenRepository\org\mockito\mockito-core\3.9.0\mockito-core-3.9.0.jar;F:\Java\MavenRepository\net\bytebuddy\byte-buddy\1.10.22\byte-buddy-1.10.22.jar;F:\Java\MavenRepository\net\bytebuddy\byte-buddy-agent\1.10.22\byte-buddy-agent-1.10.22.jar;F:\Java\MavenRepository\org\objenesis\objenesis\3.2\objenesis-3.2.jar;F:\Java\MavenRepository\org\mockito\mockito-junit-jupiter\3.9.0\mockito-junit-jupiter-3.9.0.jar;F:\Java\MavenRepository\org\skyscreamer\jsonassert\1.5.0\jsonassert-1.5.0.jar;F:\Java\MavenRepository\com\vaadin\external\google\android-json\0.0.20131108.vaadin1\android-json-0.0.20131108.vaadin1.jar;F:\Java\MavenRepository\org\springframework\spring-core\5.3.7\spring-core-5.3.7.jar;F:\Java\MavenRepository\org\springframework\spring-jcl\5.3.7\spring-jcl-5.3.7.jar;F:\Java\MavenRepository\org\springframework\spring-test\5.3.7\spring-test-5.3.7.jar;F:\Java\MavenRepository\org\xmlunit\xmlunit-core\2.8.2\xmlunit-core-2.8.2.jar;F:\Java\MavenRepository\org\projectlombok\lombok\1.18.20\lombok-1.18.20.jar;F:\Java\MavenRepository\org\mybatis\mybatis\3.5.6\mybatis-3.5.6.jar;F:\Java\MavenRepository\org\mybatis\spring\boot\mybatis-spring-boot-starter\1.1.1\mybatis-spring-boot-starter-1.1.1.jar;F:\Java\MavenRepository\org\mybatis\spring\boot\mybatis-spring-boot-autoconfigure\1.1.1\mybatis-spring-boot-autoconfigure-1.1.1.jar;F:\Java\MavenRepository\org\mybatis\mybatis-spring\1.3.0\mybatis-spring-1.3.0.jar;F:\Java\MavenRepository\org\springframework\boot\spring-boot-starter-jdbc\2.5.0\spring-boot-starter-jdbc-2.5.0.jar;F:\Java\MavenRepository\com\zaxxer\HikariCP\4.0.3\HikariCP-4.0.3.jar;F:\Java\MavenRepository\org\springframework\spring-jdbc\5.3.7\spring-jdbc-5.3.7.jar;F:\Java\MavenRepository\org\springframework\spring-tx\5.3.7\spring-tx-5.3.7.jar;F:\Java\MavenRepository\mysql\mysql-connector-java\5.1.8\mysql-connector-java-5.1.8.jar;F:\Java\MavenRepository\org\springframework\boot\spring-boot-starter-thymeleaf\2.5.0\spring-boot-starter-thymeleaf-2.5.0.jar;F:\Java\MavenRepository\org\thymeleaf\thymeleaf-spring5\3.0.12.RELEASE\thymeleaf-spring5-3.0.12.RELEASE.jar;F:\Java\MavenRepository\org\thymeleaf\thymeleaf\3.0.12.RELEASE\thymeleaf-3.0.12.RELEASE.jar;F:\Java\MavenRepository\org\attoparser\attoparser\2.0.5.RELEASE\attoparser-2.0.5.RELEASE.jar;F:\Java\MavenRepository\org\unbescape\unbescape\1.1.6.RELEASE\unbescape-1.1.6.RELEASE.jar;F:\Java\MavenRepository\org\thymeleaf\extras\thymeleaf-extras-java8time\3.0.4.RELEASE\thymeleaf-extras-java8time-3.0.4.RELEASE.jar;F:\Java\MavenRepository\org\apache\httpcomponents\httpmime\4.3.6\httpmime-4.3.6.jar;F:\Java\MavenRepository\org\apache\httpcomponents\httpclient\4.5.13\httpclient-4.5.13.jar;F:\Java\MavenRepository\org\apache\httpcomponents\httpcore\4.4.14\httpcore-4.4.14.jar;F:\Java\MavenRepository\commons-codec\commons-codec\1.15\commons-codec-1.15.jar;F:\Java\MavenRepository\org\apache\commons\commons-lang3\3.1\commons-lang3-3.1.jar;F:\Java\MavenRepository\commons-io\commons-io\1.3.2\commons-io-1.3.2.jar;F:\Java\MavenRepository\org\slf4j\slf4j-api\1.7.20\slf4j-api-1.7.20.jar;F:\Java\MavenRepository\ch\qos\logback\logback-classic\1.2.3\logback-classic-1.2.3.jar;F:\Java\MavenRepository\ch\qos\logback\logback-core\1.2.3\logback-core-1.2.3.jar;F:\Java\MavenRepository\com\google\code\gson\gson\2.8.1\gson-2.8.1.jar;F:\Java\MavenRepository\com\squareup\retrofit2\retrofit\2.3.0\retrofit-2.3.0.jar;F:\Java\MavenRepository\com\squareup\okhttp3\okhttp\3.14.9\okhttp-3.14.9.jar;F:\Java\MavenRepository\com\squareup\okio\okio\1.17.2\okio-1.17.2.jar;F:\Java\MavenRepository\com\squareup\retrofit2\converter-gson\2.2.0\converter-gson-2.2.0.jar;F:\Java\MavenRepository\com\squareup\retrofit2\converter-scalars\2.2.0\converter-scalars-2.2.0.jar;F:\Java\MavenRepository\com\squareup\retrofit2\adapter-rxjava\2.3.0\adapter-rxjava-2.3.0.jar;F:\Java\MavenRepository\io\reactivex\rxjava\1.3.8\rxjava-1.3.8.jar;"/>
    <property name="sun.cpu.endian" value="little"/>
    <property name="user.home" value="C:\Users\右眼双瞳"/>
    <property name="user.language" value="zh"/>
    <property name="java.specification.vendor" value="Oracle Corporation"/>
    <property name="java.home" value="C:\Program Files\Java\jdk1.8.0_65\jre"/>
    <property name="basedir" value="F:\QQ\springboot"/>
    <property name="file.separator" value="\"/>
    <property name="line.separator" value="&#10;"/>
    <property name="java.vm.specification.vendor" value="Oracle Corporation"/>
    <property name="java.specification.name" value="Java Platform API Specification"/>
    <property name="java.awt.graphicsenv" value="sun.awt.Win32GraphicsEnvironment"/>
    <property name="idea.version2020.1.2" value="true"/>
    <property name="surefire.real.class.path" value="C:\Users\右眼双瞳\AppData\Local\Temp\surefire229828212608299439\surefirebooter1062485004882588851.jar"/>
    <property name="sun.boot.class.path" value="C:\Program Files\Java\jdk1.8.0_65\jre\lib\resources.jar;C:\Program Files\Java\jdk1.8.0_65\jre\lib\rt.jar;C:\Program Files\Java\jdk1.8.0_65\jre\lib\sunrsasign.jar;C:\Program Files\Java\jdk1.8.0_65\jre\lib\jsse.jar;C:\Program Files\Java\jdk1.8.0_65\jre\lib\jce.jar;C:\Program Files\Java\jdk1.8.0_65\jre\lib\charsets.jar;C:\Program Files\Java\jdk1.8.0_65\jre\lib\jfr.jar;C:\Program Files\Java\jdk1.8.0_65\jre\classes"/>
    <property name="user.script" value=""/>
    <property name="sun.management.compiler" value="HotSpot 64-Bit Tiered Compilers"/>
    <property name="java.runtime.version" value="1.8.0_65-b17"/>
    <property name="user.name" value="右眼双瞳"/>
    <property name="path.separator" value=";"/>
    <property name="os.version" value="10.0"/>
    <property name="java.endorsed.dirs" value="C:\Program Files\Java\jdk1.8.0_65\jre\lib\endorsed"/>
    <property name="java.runtime.name" value="Java(TM) SE Runtime Environment"/>
    <property name="file.encoding" value="GBK"/>
    <property name="java.vm.name" value="Java HotSpot(TM) 64-Bit Server VM"/>
    <property name="localRepository" value="F:\Java\MavenRepository"/>
    <property name="java.vendor.url.bug" value="http://bugreport.sun.com/bugreport/"/>
    <property name="java.io.tmpdir" value="C:\Users\右眼双瞳\AppData\Local\Temp\"/>
    <property name="java.version" value="1.8.0_65"/>
    <property name="user.dir" value="F:\QQ\springboot"/>
    <property name="os.arch" value="amd64"/>
    <property name="java.vm.specification.name" value="Java Virtual Machine Specification"/>
    <property name="java.awt.printerjob" value="sun.awt.windows.WPrinterJob"/>
    <property name="sun.os.patch.level" value=""/>
    <property name="java.library.path" value="C:\Program Files\Java\jdk1.8.0_65\jre\bin;C:\WINDOWS\Sun\Java\bin;C:\WINDOWS\system32;C:\WINDOWS;.;C:\Program Files\Java\jdk1.8.0_65\bin;C:\Program Files (x86)\VMware\VMware Workstation\VMV\bin\;%;G:\OOO\bin;D:\app\右眼双瞳\product\11.1.0\db_2\bin;D:\;pp\右眼双瞳\product\11.1.0\db_1\bin;C:\;rogramData\Oracle\Java\javapath;C:\Program Files (x86)\Intel\iCLS Client\;C:\Program Files\Intel\iCLS Client\;C:\windows\system32;C:\windows;C:\windows\System32\Wbem;C:\windows\System32\WindowsPowerShell\v1.0\;C:\Program Files (x86)\Intel\Intel(R) Management Engine Components\DAL;C:\Program Files\Intel\Intel(R) Management Engine Components\DAL;C:\Program Files (x86)\Intel\Intel(R) Management Engine Components\IPT;C:\Program Files\Intel\Intel(R) Management Engine Components\IPT;C:\Program Files (x86)\NVIDIA Corporation\PhysX\Common;F:\OpenVPN\bin;C:\WINDOWS\system32;C:\WINDOWS;C:\WINDOWS\System32\Wbem;C:\WINDOWS\System32\WindowsPowerShell\v1.0\;C:\WINDOWS\System32\OpenSSH\;C:\Program Files (x86)\Microsoft SQL Server\100\Tools\Binn\;C:\Program Files\Microsoft SQL Server\100\Tools\Binn\;C:\Program; Files\Microsoft SQL Server\100\DTS\Binn\;F:\Java\apache-maven-3.6.3\bin;\;F:\Software\Git\cmd;F:\Software\X\Xshell\;F:\Software\winutils-master\hadoop-2.7.1\bin;F:\Software\X\Xftp\;F:\Software\bin;F:\Software\scala\bin;F:\Software\scala\jre\bin; ;C:\Users\右眼双瞳\AppData\Local\Microsoft\WindowsApps;;."/>
    <property name="java.vm.info" value="mixed mode"/>
    <property name="java.vendor" value="Oracle Corporation"/>
    <property name="java.vm.version" value="25.65-b01"/>
    <property name="java.ext.dirs" value="C:\Program Files\Java\jdk1.8.0_65\jre\lib\ext;C:\WINDOWS\Sun\Java\lib\ext"/>
    <property name="sun.io.unicode.encoding" value="UnicodeLittle"/>
    <property name="maven.repo.local" value="F:\Java\MavenRepository"/>
    <property name="java.class.version" value="52.0"/>
  </properties>
  <testcase name="contextLoads" classname="com.llp.SpringbootApplicationTests" time="0.215"/>
</testsuite>